C51 COMPILER V7.06   ________                                                07/01/2021 19:42:21 PAGE 1   


C51 COMPILER V7.06, COMPILATION OF MODULE ________
OBJECT MODULE PLACED IN c:\Users\Admin\Desktop\STC89C52RC\LY51S-c160\LY-51S  c 160\16-ܾ̬ʾ\ܾ̬ʾ.OBJ
COMPILER INVOKED BY: F:\Ƭ\8\keil C51\c51\BIN\c51.exe c:\Users\Admin\Desktop\STC89C52RC\LY51S-c
                    -160\LY-51S  c 160\16-ܾ̬ʾ\ܾ̬ʾ.c

stmt level    source

   1          /*-----------------------------------------------
   2            ƣܾ̬ʾ
   3            ̳www.doflye.net
   4            дshifang
   5            ڣ2009.5
   6            ޸ģ
   7            ݣֵͨP1ʾضַ
   8          ------------------------------------------------*/
   9          #include<reg52.h> //ͷļһҪĶ
  10          //ͷļ⹦ܼĴĶ
  11          
  12          
  13          void main (void)
  14          {
  15   1       P1=0xc0;   // Ϊ 1100 0000  οУ
  16   1      //Եó0ӦĶε1ӦĶϨ𣬽ʾ"0"   
  17   1       while(1)
  18   1       {
  19   2      
  20   2       }
  21   1      }


MODULE INFORMATION:   STATIC OVERLAYABLE
   CODE SIZE        =      5    ----
   CONSTANT SIZE    =   ----    ----
   XDATA SIZE       =   ----    ----
   PDATA SIZE       =   ----    ----
   DATA SIZE        =   ----    ----
   IDATA SIZE       =   ----    ----
   BIT SIZE         =   ----    ----
END OF MODULE INFORMATION.


C51 COMPILATION COMPLETE.  0 WARNING(S),  0 ERROR(S)
